Validating found git in: git
Using git 2.34.1 from git
> git rev-parse --git-dir
Open repository: /home/kappa/Projects/chip-8
> git status -z -u
> git symbolic-ref --short HEAD
> git for-each-ref --format=%(refname)%00%(upstream:short)%00%(objectname)%00%(upstream:track) refs/heads/master refs/remotes/master
> git for-each-ref --sort -committerdate --format %(refname) %(objectname) %(*objectname)
> git remote --verbose
Warning: Failed to watch ref '/home/kappa/Projects/chip-8/.git/refs/remotes/origin/master', is most likely packed.
> git config --get commit.template
> git check-ignore -v -z --stdin
> git check-ignore -v -z --stdin
> git show --textconv :src/main.rs
> git ls-files --stage -- /home/kappa/Projects/chip-8/src/main.rs
> git cat-file -s b38db2547b649440ae2e5017ff4c1e3866b8630c
> git status -z -u
> git symbolic-ref --short HEAD
> git for-each-ref --format=%(refname)%00%(upstream:short)%00%(objectname)%00%(upstream:track) refs/heads/master refs/remotes/master
> git for-each-ref --sort -committerdate --format %(refname) %(objectname) %(*objectname)
> git remote --verbose
Warning: Failed to watch ref '/home/kappa/Projects/chip-8/.git/refs/remotes/origin/master', is most likely packed.
> git config --get commit.template
> git show --textconv :src/main.rs
> git ls-files --stage -- /home/kappa/Projects/chip-8/src/main.rs
> git cat-file -s b38db2547b649440ae2e5017ff4c1e3866b8630c
> git show --textconv :src/main.rs
> git ls-files --stage -- /home/kappa/Projects/chip-8/src/main.rs
> git cat-file -s b38db2547b649440ae2e5017ff4c1e3866b8630c
> git show --textconv :src/main.rs
> git ls-files --stage -- /home/kappa/Projects/chip-8/src/main.rs
> git cat-file -s b38db2547b649440ae2e5017ff4c1e3866b8630c
> git status -z -u
> git symbolic-ref --short HEAD
> git for-each-ref --format=%(refname)%00%(upstream:short)%00%(objectname)%00%(upstream:track) refs/heads/master refs/remotes/master
> git for-each-ref --sort -committerdate --format %(refname) %(objectname) %(*objectname)
> git remote --verbose
Warning: Failed to watch ref '/home/kappa/Projects/chip-8/.git/refs/remotes/origin/master', is most likely packed.
> git config --get commit.template
> git show --textconv :src/main.rs
> git ls-files --stage -- /home/kappa/Projects/chip-8/src/main.rs
> git cat-file -s b38db2547b649440ae2e5017ff4c1e3866b8630c
> git show --textconv :src/processor.rs
> git ls-files --stage -- /home/kappa/Projects/chip-8/src/processor.rs
> git cat-file -s f634576ea22dd58cf1700005c3038adaa0c5f050
> git show --textconv :src/processor.rs
> git ls-files --stage -- /home/kappa/Projects/chip-8/src/processor.rs
> git cat-file -s f634576ea22dd58cf1700005c3038adaa0c5f050
> git show --textconv :src/processor.rs
> git ls-files --stage -- /home/kappa/Projects/chip-8/src/processor.rs
> git cat-file -s f634576ea22dd58cf1700005c3038adaa0c5f050
> git status -z -u
> git symbolic-ref --short HEAD
> git for-each-ref --format=%(refname)%00%(upstream:short)%00%(objectname)%00%(upstream:track) refs/heads/master refs/remotes/master
> git for-each-ref --sort -committerdate --format %(refname) %(objectname) %(*objectname)
> git remote --verbose
Warning: Failed to watch ref '/home/kappa/Projects/chip-8/.git/refs/remotes/origin/master', is most likely packed.
> git config --get commit.template
> git show --textconv :src/processor.rs
> git ls-files --stage -- /home/kappa/Projects/chip-8/src/processor.rs
> git cat-file -s f634576ea22dd58cf1700005c3038adaa0c5f050
> git status -z -u
> git symbolic-ref --short HEAD
> git for-each-ref --format=%(refname)%00%(upstream:short)%00%(objectname)%00%(upstream:track) refs/heads/master refs/remotes/master
> git for-each-ref --sort -committerdate --format %(refname) %(objectname) %(*objectname)
> git remote --verbose
Warning: Failed to watch ref '/home/kappa/Projects/chip-8/.git/refs/remotes/origin/master', is most likely packed.
> git config --get commit.template
> git status -z -u
> git symbolic-ref --short HEAD
> git for-each-ref --format=%(refname)%00%(upstream:short)%00%(objectname)%00%(upstream:track) refs/heads/master refs/remotes/master
> git for-each-ref --sort -committerdate --format %(refname) %(objectname) %(*objectname)
> git remote --verbose
Warning: Failed to watch ref '/home/kappa/Projects/chip-8/.git/refs/remotes/origin/master', is most likely packed.
> git config --get commit.template
> git status -z -u
> git symbolic-ref --short HEAD
> git for-each-ref --format=%(refname)%00%(upstream:short)%00%(objectname)%00%(upstream:track) refs/heads/master refs/remotes/master
> git for-each-ref --sort -committerdate --format %(refname) %(objectname) %(*objectname)
> git remote --verbose
Warning: Failed to watch ref '/home/kappa/Projects/chip-8/.git/refs/remotes/origin/master', is most likely packed.
> git config --get commit.template
> git status -z -u
> git symbolic-ref --short HEAD
> git for-each-ref --format=%(refname)%00%(upstream:short)%00%(objectname)%00%(upstream:track) refs/heads/master refs/remotes/master
> git for-each-ref --sort -committerdate --format %(refname) %(objectname) %(*objectname)
> git remote --verbose
Warning: Failed to watch ref '/home/kappa/Projects/chip-8/.git/refs/remotes/origin/master', is most likely packed.
> git config --get commit.template
> git status -z -u
> git symbolic-ref --short HEAD
> git for-each-ref --format=%(refname)%00%(upstream:short)%00%(objectname)%00%(upstream:track) refs/heads/master refs/remotes/master
> git for-each-ref --sort -committerdate --format %(refname) %(objectname) %(*objectname)
> git remote --verbose
Warning: Failed to watch ref '/home/kappa/Projects/chip-8/.git/refs/remotes/origin/master', is most likely packed.
> git config --get commit.template
> git log --format=%H%n%aN%n%aE%n%at%n%ct%n%P%n%B -z -n21 -- /home/kappa/Projects/chip-8/src/processor.rs
> git status -z -u
> git symbolic-ref --short HEAD
> git for-each-ref --format=%(refname)%00%(upstream:short)%00%(objectname)%00%(upstream:track) refs/heads/master refs/remotes/master
> git for-each-ref --sort -committerdate --format %(refname) %(objectname) %(*objectname)
> git remote --verbose
Warning: Failed to watch ref '/home/kappa/Projects/chip-8/.git/refs/remotes/origin/master', is most likely packed.
> git config --get commit.template
