[2022-01-06 01:46:04.927] [exthost] [info] Extension host with pid 19310 started
[2022-01-06 01:46:05.010] [exthost] [info] ExtensionService#_doActivateExtension vscode.microsoft-authentication, startup: false, activationEvent: 'onAuthenticationRequest:microsoft'
[2022-01-06 01:46:05.028] [exthost] [info] ExtensionService#_doActivateExtension vscode.debug-auto-launch, startup: true, activationEvent: '*'
[2022-01-06 01:46:05.032] [exthost] [info] ExtensionService#_doActivateExtension vscode.git-base, startup: true, activationEvent: '*', root cause: vscode.github
[2022-01-06 01:46:05.061] [exthost] [info] ExtensionService#_doActivateExtension vscode.git, startup: true, activationEvent: '*'
[2022-01-06 01:46:05.088] [exthost] [info] ExtensionService#_doActivateExtension vscode.github, startup: true, activationEvent: '*'
[2022-01-06 01:46:05.181] [exthost] [info] Eager extensions activated
[2022-01-06 01:46:05.226] [exthost] [info] ExtensionService#_doActivateExtension vscode.emmet, startup: false, activationEvent: 'onStartupFinished'
[2022-01-06 01:46:05.232] [exthost] [info] ExtensionService#_doActivateExtension vscode.merge-conflict, startup: false, activationEvent: 'onStartupFinished'
[2022-01-06 01:46:05.236] [exthost] [info] ExtensionService#_doActivateExtension vscode.github-authentication, startup: false, activationEvent: 'onAuthenticationRequest:github'
[2022-01-06 01:46:48.326] [exthost] [info] extension host terminating: renderer closed the socket
[2022-01-06 01:46:48.335] [exthost] [info] Extension host with pid 19310 exiting with code 0
[2022-01-06 01:46:50.855] [exthost] [info] Extension host with pid 19452 started
[2022-01-06 01:46:50.855] [exthost] [info] Skipping acquiring lock for /home/kappa/.config/Code/User/workspaceStorage/8f0519049d6e355ae55c3dd3403a87b8.
[2022-01-06 01:46:51.096] [exthost] [info] ExtensionService#_doActivateExtension vscode.microsoft-authentication, startup: false, activationEvent: 'onAuthenticationRequest:microsoft'
[2022-01-06 01:46:51.126] [exthost] [info] ExtensionService#_doActivateExtension vscode.debug-auto-launch, startup: true, activationEvent: '*'
[2022-01-06 01:46:51.143] [exthost] [info] ExtensionService#_doActivateExtension vscode.git-base, startup: true, activationEvent: '*', root cause: vscode.github
[2022-01-06 01:46:51.193] [exthost] [info] ExtensionService#_doActivateExtension vscode.github, startup: true, activationEvent: '*'
[2022-01-06 01:46:51.226] [exthost] [info] Eager extensions activated
[2022-01-06 01:46:51.236] [exthost] [info] ExtensionService#_doActivateExtension vscode.emmet, startup: false, activationEvent: 'onStartupFinished'
[2022-01-06 01:46:51.246] [exthost] [info] ExtensionService#_doActivateExtension vscode.merge-conflict, startup: false, activationEvent: 'onStartupFinished'
[2022-01-06 01:46:51.295] [exthost] [info] ExtensionService#_doActivateExtension vscode.github-authentication, startup: false, activationEvent: 'onAuthenticationRequest:github'
[2022-01-06 01:46:53.863] [exthost] [info] ExtensionService#_doActivateExtension vscode.git, startup: false, activationEvent: 'api', root cause: vscode.github
[2022-01-06 01:47:16.512] [exthost] [info] ExtensionService#_doActivateExtension vscode.configuration-editing, startup: false, activationEvent: 'onLanguage:jsonc'
[2022-01-06 01:47:16.526] [exthost] [info] ExtensionService#_doActivateExtension vscode.json-language-features, startup: false, activationEvent: 'onLanguage:jsonc'
[2022-01-06 01:47:16.551] [exthost] [info] ExtensionService#_doActivateExtension vscode.typescript-language-features, startup: false, activationEvent: 'onLanguage:jsonc'
[2022-01-06 01:53:33.876] [exthost] [info] extension host terminating: renderer closed the socket
[2022-01-06 01:53:33.905] [exthost] [info] Extension host with pid 19452 exiting with code 0
